This is pdfTeX, Version 3.1415926-2.3-1.40.12 (MiKTeX 2.9) (preloaded format=pdflatex 2020.12.29)  30 DEC 2020 10:42
entering extended mode
**introduction.tex
(C:\Users\Sulyvahn\Desktop\postgraduate\introduction.tex
LaTeX2e <2011/06/27>
Babel <v3.8m> and hyphenation patterns for loaded.
\c@counterA=\count79
! Undefined control sequence.
l.3 \section
            *{Á¨¨‰∏ÄÁ´†\ ÂºïË®Ä}
The control sequence at the end of the top line
of your error message was never \def'ed. If you have
misspelled it (e.g., `\hobx'), type `I' and the correct
spelling (e.g., `I\hbox'). Otherwise just continue,
and I'll forget about whatever was undefined.


! LaTeX Error: Missing \begin{document}.

See the LaTeX manual or LaTeX Companion for explanation.
Type  H <return>  for immediate help.
 ...                                              
                                                  
l.3 \section*
             {Á¨¨‰∏ÄÁ´†\ ÂºïË®Ä}
You're in trouble here.  Try typing  <return>  to proceed.
If that doesn't work, type  X <return>  to quit.

Missing character: There is no * in font nullfont!
Missing character: There is no Á in font nullfont!
Missing character: There is no ¨ in font nullfont!
Missing character: There is no ¨ in font nullfont!
Missing character: There is no ‰ in font nullfont!
Missing character: There is no ∏ in font nullfont!
Missing character: There is no Ä in font nullfont!
Missing character: There is no Á in font nullfont!
Missing character: There is no ´ in font nullfont!
Missing character: There is no † in font nullfont!
Missing character: There is no Â in font nullfont!
Missing character: There is no º in font nullfont!
Missing character: There is no ï in font nullfont!
Missing character: There is no Ë in font nullfont!
Missing character: There is no ® in font nullfont!
Missing character: There is no Ä in font nullfont!
Missing character: There is no Á in font nullfont!
Missing character: There is no ú in font nullfont!
Missing character: There is no ã in font nullfont!
Missing character: There is no Â in font nullfont!
Missing character: There is no à in font nullfont!
Missing character: There is no ∞ in font nullfont!
Missing character: There is no Ê in font nullfont!
Missing character: There is no ∏ in font nullfont!
Missing character: There is no Ö in font nullfont!
Missing character: There is no Â in font nullfont!
Missing character: There is no ç in font nullfont!
Missing character: There is no é in font nullfont!
Missing character: There is no Â in font nullfont!
Missing character: There is no § in font nullfont!
Missing character: There is no ß in font nullfont!
Missing character: There is no Â in font nullfont!
Missing character: There is no ≠ in font nullfont!
Missing character: There is no ¶ in font nullfont!
Missing character: There is no Ê in font nullfont!
Missing character: There is no ú in font nullfont!
Missing character: There is no â in font nullfont!
Missing character: There is no Ë in font nullfont!
Missing character: There is no Æ in font nullfont!
Missing character: There is no ∫ in font nullfont!
Missing character: There is no Ê in font nullfont!
Missing character: There is no ñ in font nullfont!
Missing character: There is no á in font nullfont!
Missing character: There is no t in font nullfont!
Missing character: There is no e in font nullfont!
Missing character: There is no x in font nullfont!
Missing character: There is no Ê in font nullfont!
Missing character: There is no ® in font nullfont!
Missing character: There is no ° in font nullfont!
Missing character: There is no Ê in font nullfont!
Missing character: There is no ù in font nullfont!
Missing character: There is no ø in font nullfont!
Missing character: There is no Ô in font nullfont!
Missing character: There is no º in font nullfont!
Missing character: There is no å in font nullfont!
Missing character: There is no Ë in font nullfont!
Missing character: There is no Ä in font nullfont!
Missing character: There is no å in font nullfont!
Missing character: There is no Ë in font nullfont!
Missing character: There is no ã in font nullfont!
Missing character: There is no è in font nullfont!
Missing character: There is no Â in font nullfont!
Missing character: There is no § in font nullfont!
Missing character: There is no ß in font nullfont!
Missing character: There is no Â in font nullfont!
Missing character: There is no ç in font nullfont!
Missing character: There is no ¥ in font nullfont!
Missing character: There is no Ê in font nullfont!
Missing character: There is no ≤ in font nullfont!
Missing character: There is no ° in font nullfont!
Missing character: There is no Ê in font nullfont!
Missing character: There is no ú in font nullfont!
Missing character: There is no â in font nullfont!
Missing character: There is no „ in font nullfont!
Missing character: There is no Ä in font nullfont!
Missing character: There is no Ç in font nullfont!
Missing character: There is no Â in font nullfont!
Missing character: There is no à in font nullfont!
Missing character: There is no ö in font nullfont!
Missing character: There is no Â in font nullfont!
Missing character: There is no • in font nullfont!
Missing character: There is no Ω in font nullfont!
Missing character: There is no Ë in font nullfont!
Missing character: There is no Æ in font nullfont!
Missing character: There is no ∫ in font nullfont!
Missing character: There is no Ê in font nullfont!
Missing character: There is no ñ in font nullfont!
Missing character: There is no á in font nullfont!
Missing character: There is no Â in font nullfont!
Missing character: There is no Æ in font nullfont!
Missing character: There is no å in font nullfont!
Missing character: There is no Ê in font nullfont!
Missing character: There is no à in font nullfont!
Missing character: There is no ê in font nullfont!
Missing character: There is no Ê in font nullfont!
Missing character: There is no ó in font nullfont!
Missing character: There is no ∂ in font nullfont!
Missing character: There is no Ô in font nullfont!
Missing character: There is no º in font nullfont!
Missing character: There is no å in font nullfont!
Missing character: There is no Ê in font nullfont!
Missing character: There is no ® in font nullfont!
Missing character: There is no ° in font nullfont!
Missing character: There is no Ê in font nullfont!
Missing character: There is no ù in font nullfont!
Missing character: There is no ø in font nullfont!
Missing character: There is no Â in font nullfont!
Missing character: There is no ∞ in font nullfont!
Missing character: There is no ± in font nullfont!
Missing character: There is no Â in font nullfont!
Missing character: There is no á in font nullfont!
Missing character: There is no ∫ in font nullfont!
Missing character: There is no Ê in font nullfont!
Missing character: There is no ù in font nullfont!
Missing character: There is no • in font nullfont!
Missing character: There is no ‰ in font nullfont!
Missing character: There is no ∫ in font nullfont!
Missing character: There is no Ü in font nullfont!
Missing character: There is no „ in font nullfont!
Missing character: There is no Ä in font nullfont!
Missing character: There is no Ç in font nullfont!
Missing character: There is no Á in font nullfont!
Missing character: There is no ® in font nullfont!
Missing character: There is no ç in font nullfont!
Missing character: There is no Â in font nullfont!
Missing character: There is no ä in font nullfont!
Missing character: There is no † in font nullfont!
Missing character: There is no Ê in font nullfont!
Missing character: There is no ï in font nullfont!
Missing character: There is no ¥ in font nullfont!
Missing character: There is no Á in font nullfont!
Missing character: There is no ê in font nullfont!
Missing character: There is no Ü in font nullfont!
Missing character: There is no Â in font nullfont!
Missing character: There is no ∞ in font nullfont!
Missing character: There is no ± in font nullfont!
Missing character: There is no Â in font nullfont!
Missing character: There is no è in font nullfont!
Missing character: There is no ë in font nullfont!
Missing character: There is no Â in font nullfont!
Missing character: There is no ∏ in font nullfont!
Missing character: There is no É in font nullfont!
Missing character: There is no Â in font nullfont!
Missing character: There is no ú in font nullfont!
Missing character: There is no ® in font nullfont!
Missing character: There is no g in font nullfont!
Missing character: There is no o in font nullfont!
Missing character: There is no o in font nullfont!
Missing character: There is no g in font nullfont!
Missing character: There is no l in font nullfont!
Missing character: There is no e in font nullfont!
Missing character: There is no c in font nullfont!
Missing character: There is no o in font nullfont!
Missing character: There is no d in font nullfont!
Missing character: There is no e in font nullfont!
Missing character: There is no ‰ in font nullfont!
Missing character: There is no ∏ in font nullfont!
Missing character: There is no ä in font nullfont!
Missing character: There is no Ô in font nullfont!
Missing character: There is no º in font nullfont!
Missing character: There is no å in font nullfont!
Missing character: There is no Á in font nullfont!
Missing character: There is no ª in font nullfont!
Missing character: There is no ô in font nullfont!
Missing character: There is no È in font nullfont!
Missing character: There is no ú in font nullfont!
Missing character: There is no Ä in font nullfont!
Missing character: There is no Ë in font nullfont!
Missing character: There is no ¶ in font nullfont!
Missing character: There is no Å in font nullfont!
Missing character: There is no Á in font nullfont!
Missing character: There is no ö in font nullfont!
Missing character: There is no Ñ in font nullfont!
Missing character: There is no ‰ in font nullfont!
Missing character: There is no ∫ in font nullfont!
Missing character: There is no ∫ in font nullfont!
Missing character: There is no Á in font nullfont!
Missing character: There is no î in font nullfont!
Missing character: There is no ® in font nullfont!
Missing character: There is no Â in font nullfont!
Missing character: There is no ê in font nullfont!
Missing character: There is no ß in font nullfont!
Missing character: There is no „ in font nullfont!
Missing character: There is no Ä in font nullfont!
Missing character: There is no Ç in font nullfont!
! Undefined control sequence.
l.5 \counterA
             \subsection{Á†îÁ©∂ËÉåÊôØÂèäÊÑè‰πâ}
The control sequence at the end of the top line
of your error message was never \def'ed. If you have
misspelled it (e.g., `\hobx'), type `I' and the correct
spelling (e.g., `I\hbox'). Otherwise just continue,
and I'll forget about whatever was undefined.

! Undefined control sequence.
l.5 \counterA\subsection
                        {Á†îÁ©∂ËÉåÊôØÂèäÊÑè‰πâ}
The control sequence at the end of the top line
of your error message was never \def'ed. If you have
misspelled it (e.g., `\hobx'), type `I' and the correct
spelling (e.g., `I\hbox'). Otherwise just continue,
and I'll forget about whatever was undefined.

Missing character: There is no Á in font nullfont!
Missing character: There is no † in font nullfont!
Missing character: There is no î in font nullfont!
Missing character: There is no Á in font nullfont!
Missing character: There is no © in font nullfont!
Missing character: There is no ∂ in font nullfont!
Missing character: There is no Ë in font nullfont!
Missing character: There is no É in font nullfont!
Missing character: There is no å in font nullfont!
Missing character: There is no Ê in font nullfont!
Missing character: There is no ô in font nullfont!
Missing character: There is no Ø in font nullfont!
Missing character: There is no Â in font nullfont!
Missing character: There is no è in font nullfont!
Missing character: There is no ä in font nullfont!
Missing character: There is no Ê in font nullfont!
Missing character: There is no Ñ in font nullfont!
Missing character: There is no è in font nullfont!
Missing character: There is no ‰ in font nullfont!
Missing character: There is no π in font nullfont!
Missing character: There is no â in font nullfont!
! Undefined control sequence.
l.6 \counterA
             \subsection{Á†îÁ©∂ËÉåÊôØ}
The control sequence at the end of the top line
of your error message was never \def'ed. If you have
misspelled it (e.g., `\hobx'), type `I' and the correct
spelling (e.g., `I\hbox'). Otherwise just continue,
and I'll forget about whatever was undefined.

! Undefined control sequence.
l.6 \counterA\subsection
                        {Á†îÁ©∂ËÉåÊôØ}
The control sequence at the end of the top line
of your error message was never \def'ed. If you have
misspelled it (e.g., `\hobx'), type `I' and the correct
spelling (e.g., `I\hbox'). Otherwise just continue,
and I'll forget about whatever was undefined.

Missing character: There is no Á in font nullfont!
Missing character: There is no † in font nullfont!
Missing character: There is no î in font nullfont!
Missing character: There is no Á in font nullfont!
Missing character: There is no © in font nullfont!
Missing character: There is no ∂ in font nullfont!
Missing character: There is no Ë in font nullfont!
Missing character: There is no É in font nullfont!
Missing character: There is no å in font nullfont!
Missing character: There is no Ê in font nullfont!
Missing character: There is no ô in font nullfont!
Missing character: There is no Ø in font nullfont!
Missing character: There is no Á in font nullfont!
Missing character: There is no † in font nullfont!
Missing character: There is no î in font nullfont!
Missing character: There is no Á in font nullfont!
Missing character: There is no © in font nullfont!
Missing character: There is no ∂ in font nullfont!
Missing character: There is no Ë in font nullfont!
Missing character: There is no É in font nullfont!
Missing character: There is no å in font nullfont!
Missing character: There is no Ê in font nullfont!
Missing character: There is no ô in font nullfont!
Missing character: There is no Ø in font nullfont!
)
! Emergency stop.
<*> introduction.tex
                    
*** (job aborted, no legal \end found)

 
Here is how much of TeX's memory you used:
 11 strings out of 495354
 271 string characters out of 3183858
 44842 words of memory out of 3000000
 3280 multiletter control sequences out of 15000+200000
 3640 words of font info for 14 fonts, out of 3000000 for 9000
 14 hyphenation exceptions out of 8191
 9i,0n,12p,190b,14s stack positions out of 5000i,500n,10000p,200000b,50000s
!  ==> Fatal error occurred, no output PDF file produced!
