\BOOKMARK [1][-]{section*.6}{\173\054\116\000\172\340 \137\025\212\000}{}% 1
\BOOKMARK [2][-]{subsection.1.1}{\170\024\172\166\200\314\146\157\123\312\141\017\116\111}{section*.6}% 2
\BOOKMARK [3][-]{subsubsection.1.1.1}{\170\024\172\166\200\314\146\157}{subsection.1.1}% 3
\BOOKMARK [3][-]{subsubsection.1.1.2}{\170\024\172\166\141\017\116\111}{subsection.1.1}% 4
\BOOKMARK [2][-]{subsection.1.2}{\170\024\172\166\163\260\162\266}{section*.6}% 5
\BOOKMARK [2][-]{subsection.1.3}{\170\024\172\166\121\205\133\271}{section*.6}% 6
\BOOKMARK [2][-]{subsection.1.4}{\213\272\145\207\176\304\176\307\176\323\147\204}{section*.6}% 7
\BOOKMARK [1][-]{section*.7}{\173\054\116\214\172\340 \200\314\146\157\167\345\213\306}{}% 8
\BOOKMARK [2][-]{subsection.2.1}{\170\024\172\166\200\314\146\157\123\312\141\017\116\111}{section*.7}% 9
\BOOKMARK [3][-]{subsubsection.2.1.1}{\170\024\172\166\200\314\146\157}{subsection.2.1}% 10
\BOOKMARK [3][-]{subsubsection.2.1.2}{\170\024\172\166\141\017\116\111}{subsection.2.1}% 11
\BOOKMARK [2][-]{subsection.2.2}{\170\024\172\166\163\260\162\266}{section*.7}% 12
\BOOKMARK [2][-]{subsection.2.3}{\170\024\172\166\121\205\133\271}{section*.7}% 13
\BOOKMARK [2][-]{subsection.2.4}{\213\272\145\207\176\304\176\307\176\323\147\204}{section*.7}% 14
\BOOKMARK [1][-]{section*.8}{\173\054\116\011\172\340 \173\054\116\000\116\052\160\271\147\033}{}% 15
\BOOKMARK [2][-]{subsection.3.1}{\170\024\172\166\200\314\146\157\123\312\141\017\116\111}{section*.8}% 16
\BOOKMARK [3][-]{subsubsection.3.1.1}{\170\024\172\166\200\314\146\157}{subsection.3.1}% 17
\BOOKMARK [3][-]{subsubsection.3.1.2}{\170\024\172\166\141\017\116\111}{subsection.3.1}% 18
\BOOKMARK [2][-]{subsection.3.2}{\170\024\172\166\163\260\162\266}{section*.8}% 19
\BOOKMARK [2][-]{subsection.3.3}{\170\024\172\166\121\205\133\271}{section*.8}% 20
\BOOKMARK [2][-]{subsection.3.4}{\213\272\145\207\176\304\176\307\176\323\147\204}{section*.8}% 21
\BOOKMARK [1][-]{section*.9}{\173\054\126\333\172\340 \173\054\116\214\116\052\160\271}{}% 22
\BOOKMARK [2][-]{subsection.4.1}{\170\024\172\166\200\314\146\157\123\312\141\017\116\111}{section*.9}% 23
\BOOKMARK [3][-]{subsubsection.4.1.1}{\170\024\172\166\200\314\146\157}{subsection.4.1}% 24
\BOOKMARK [3][-]{subsubsection.4.1.2}{\170\024\172\166\141\017\116\111}{subsection.4.1}% 25
\BOOKMARK [2][-]{subsection.4.2}{\170\024\172\166\163\260\162\266}{section*.9}% 26
\BOOKMARK [2][-]{subsection.4.3}{\170\024\172\166\121\205\133\271}{section*.9}% 27
\BOOKMARK [2][-]{subsection.4.4}{\213\272\145\207\176\304\176\307\176\323\147\204}{section*.9}% 28
\BOOKMARK [1][-]{section*.10}{\173\054\116\224\172\340 \173\054\116\011\116\052\160\271}{}% 29
\BOOKMARK [2][-]{subsection.5.1}{\170\024\172\166\200\314\146\157\123\312\141\017\116\111}{section*.10}% 30
\BOOKMARK [3][-]{subsubsection.5.1.1}{\170\024\172\166\200\314\146\157}{subsection.5.1}% 31
\BOOKMARK [3][-]{subsubsection.5.1.2}{\170\024\172\166\141\017\116\111}{subsection.5.1}% 32
\BOOKMARK [2][-]{subsection.5.2}{\170\024\172\166\163\260\162\266}{section*.10}% 33
\BOOKMARK [2][-]{subsection.5.3}{\170\024\172\166\121\205\133\271}{section*.10}% 34
\BOOKMARK [2][-]{subsection.5.4}{\213\272\145\207\176\304\176\307\176\323\147\204}{section*.10}% 35
\BOOKMARK [1][-]{section*.11}{\173\054\121\155\172\340 \140\073\176\323\116\016\134\125\147\033}{}% 36
\BOOKMARK [2][-]{subsection.6.1}{\170\024\172\166\200\314\146\157\123\312\141\017\116\111}{section*.11}% 37
\BOOKMARK [3][-]{subsubsection.6.1.1}{\170\024\172\166\200\314\146\157}{subsection.6.1}% 38
\BOOKMARK [3][-]{subsubsection.6.1.2}{\170\024\172\166\141\017\116\111}{subsection.6.1}% 39
\BOOKMARK [2][-]{subsection.6.2}{\170\024\172\166\163\260\162\266}{section*.11}% 40
\BOOKMARK [2][-]{subsection.6.3}{\170\024\172\166\121\205\133\271}{section*.11}% 41
\BOOKMARK [2][-]{subsection.6.4}{\213\272\145\207\176\304\176\307\176\323\147\204}{section*.11}% 42
\BOOKMARK [1][-]{subsection.6.4}{\123\302\200\003\145\207\163\056}{}% 43
